
anly-2-clang-14-O0:     file format elf64-x86-64


Disassembly of section .init:

0000000000001000 <_init>:
    1000:	f3 0f 1e fa          	endbr64
    1004:	48 83 ec 08          	sub    $0x8,%rsp
    1008:	48 8b 05 c1 2f 00 00 	mov    0x2fc1(%rip),%rax        # 3fd0 <__gmon_start__@Base>
    100f:	48 85 c0             	test   %rax,%rax
    1012:	74 02                	je     1016 <_init+0x16>
    1014:	ff d0                	call   *%rax
    1016:	48 83 c4 08          	add    $0x8,%rsp
    101a:	c3                   	ret

Disassembly of section .plt:

0000000000001020 <puts@plt-0x10>:
    1020:	ff 35 ca 2f 00 00    	push   0x2fca(%rip)        # 3ff0 <_GLOBAL_OFFSET_TABLE_+0x8>
    1026:	ff 25 cc 2f 00 00    	jmp    *0x2fcc(%rip)        # 3ff8 <_GLOBAL_OFFSET_TABLE_+0x10>
    102c:	0f 1f 40 00          	nopl   0x0(%rax)

0000000000001030 <puts@plt>:
    1030:	ff 25 ca 2f 00 00    	jmp    *0x2fca(%rip)        # 4000 <puts@GLIBC_2.2.5>
    1036:	68 00 00 00 00       	push   $0x0
    103b:	e9 e0 ff ff ff       	jmp    1020 <_init+0x20>

Disassembly of section .plt.got:

0000000000001040 <__cxa_finalize@plt>:
    1040:	ff 25 9a 2f 00 00    	jmp    *0x2f9a(%rip)        # 3fe0 <__cxa_finalize@GLIBC_2.2.5>
    1046:	66 90                	xchg   %ax,%ax

Disassembly of section .text:

0000000000001050 <_start>:
    1050:	f3 0f 1e fa          	endbr64
    1054:	31 ed                	xor    %ebp,%ebp
    1056:	49 89 d1             	mov    %rdx,%r9
    1059:	5e                   	pop    %rsi
    105a:	48 89 e2             	mov    %rsp,%rdx
    105d:	48 83 e4 f0          	and    $0xfffffffffffffff0,%rsp
    1061:	50                   	push   %rax
    1062:	54                   	push   %rsp
    1063:	45 31 c0             	xor    %r8d,%r8d
    1066:	31 c9                	xor    %ecx,%ecx
    1068:	48 8d 3d 01 01 00 00 	lea    0x101(%rip),%rdi        # 1170 <main>
    106f:	ff 15 4b 2f 00 00    	call   *0x2f4b(%rip)        # 3fc0 <__libc_start_main@GLIBC_2.34>
    1075:	f4                   	hlt
    1076:	66 2e 0f 1f 84 00 00 	cs nopw 0x0(%rax,%rax,1)
    107d:	00 00 00 

0000000000001080 <deregister_tm_clones>:
    1080:	48 8d 3d 91 2f 00 00 	lea    0x2f91(%rip),%rdi        # 4018 <__TMC_END__>
    1087:	48 8d 05 8a 2f 00 00 	lea    0x2f8a(%rip),%rax        # 4018 <__TMC_END__>
    108e:	48 39 f8             	cmp    %rdi,%rax
    1091:	74 15                	je     10a8 <deregister_tm_clones+0x28>
    1093:	48 8b 05 2e 2f 00 00 	mov    0x2f2e(%rip),%rax        # 3fc8 <_ITM_deregisterTMCloneTable@Base>
    109a:	48 85 c0             	test   %rax,%rax
    109d:	74 09                	je     10a8 <deregister_tm_clones+0x28>
    109f:	ff e0                	jmp    *%rax
    10a1:	0f 1f 80 00 00 00 00 	nopl   0x0(%rax)
    10a8:	c3                   	ret
    10a9:	0f 1f 80 00 00 00 00 	nopl   0x0(%rax)

00000000000010b0 <register_tm_clones>:
    10b0:	48 8d 3d 61 2f 00 00 	lea    0x2f61(%rip),%rdi        # 4018 <__TMC_END__>
    10b7:	48 8d 35 5a 2f 00 00 	lea    0x2f5a(%rip),%rsi        # 4018 <__TMC_END__>
    10be:	48 29 fe             	sub    %rdi,%rsi
    10c1:	48 89 f0             	mov    %rsi,%rax
    10c4:	48 c1 ee 3f          	shr    $0x3f,%rsi
    10c8:	48 c1 f8 03          	sar    $0x3,%rax
    10cc:	48 01 c6             	add    %rax,%rsi
    10cf:	48 d1 fe             	sar    $1,%rsi
    10d2:	74 14                	je     10e8 <register_tm_clones+0x38>
    10d4:	48 8b 05 fd 2e 00 00 	mov    0x2efd(%rip),%rax        # 3fd8 <_ITM_registerTMCloneTable@Base>
    10db:	48 85 c0             	test   %rax,%rax
    10de:	74 08                	je     10e8 <register_tm_clones+0x38>
    10e0:	ff e0                	jmp    *%rax
    10e2:	66 0f 1f 44 00 00    	nopw   0x0(%rax,%rax,1)
    10e8:	c3                   	ret
    10e9:	0f 1f 80 00 00 00 00 	nopl   0x0(%rax)

00000000000010f0 <__do_global_dtors_aux>:
    10f0:	f3 0f 1e fa          	endbr64
    10f4:	80 3d 1d 2f 00 00 00 	cmpb   $0x0,0x2f1d(%rip)        # 4018 <__TMC_END__>
    10fb:	75 2b                	jne    1128 <__do_global_dtors_aux+0x38>
    10fd:	55                   	push   %rbp
    10fe:	48 83 3d da 2e 00 00 	cmpq   $0x0,0x2eda(%rip)        # 3fe0 <__cxa_finalize@GLIBC_2.2.5>
    1105:	00 
    1106:	48 89 e5             	mov    %rsp,%rbp
    1109:	74 0c                	je     1117 <__do_global_dtors_aux+0x27>
    110b:	48 8b 3d fe 2e 00 00 	mov    0x2efe(%rip),%rdi        # 4010 <__dso_handle>
    1112:	e8 29 ff ff ff       	call   1040 <__cxa_finalize@plt>
    1117:	e8 64 ff ff ff       	call   1080 <deregister_tm_clones>
    111c:	c6 05 f5 2e 00 00 01 	movb   $0x1,0x2ef5(%rip)        # 4018 <__TMC_END__>
    1123:	5d                   	pop    %rbp
    1124:	c3                   	ret
    1125:	0f 1f 00             	nopl   (%rax)
    1128:	c3                   	ret
    1129:	0f 1f 80 00 00 00 00 	nopl   0x0(%rax)

0000000000001130 <frame_dummy>:
    1130:	f3 0f 1e fa          	endbr64
    1134:	e9 77 ff ff ff       	jmp    10b0 <register_tm_clones>
    1139:	0f 1f 80 00 00 00 00 	nopl   0x0(%rax)

0000000000001140 <test>:
    1140:	55                   	push   %rbp
    1141:	48 89 e5             	mov    %rsp,%rbp
    1144:	48 83 ec 10          	sub    $0x10,%rsp
    1148:	89 7d fc             	mov    %edi,-0x4(%rbp)
    114b:	8b 45 fc             	mov    -0x4(%rbp),%eax
    114e:	83 c0 0a             	add    $0xa,%eax
    1151:	3b 45 fc             	cmp    -0x4(%rbp),%eax
    1154:	0f 8e 0c 00 00 00    	jle    1166 <test+0x26>
    115a:	48 8d 3d a3 0e 00 00 	lea    0xea3(%rip),%rdi        # 2004 <_IO_stdin_used+0x4>
    1161:	e8 ca fe ff ff       	call   1030 <puts@plt>
    1166:	31 c0                	xor    %eax,%eax
    1168:	48 83 c4 10          	add    $0x10,%rsp
    116c:	5d                   	pop    %rbp
    116d:	c3                   	ret
    116e:	66 90                	xchg   %ax,%ax

0000000000001170 <main>:
    1170:	55                   	push   %rbp
    1171:	48 89 e5             	mov    %rsp,%rbp
    1174:	48 83 ec 20          	sub    $0x20,%rsp
    1178:	c7 45 fc 00 00 00 00 	movl   $0x0,-0x4(%rbp)
    117f:	89 7d f8             	mov    %edi,-0x8(%rbp)
    1182:	48 89 75 f0          	mov    %rsi,-0x10(%rbp)
    1186:	c7 45 ec f8 ff ff 7f 	movl   $0x7ffffff8,-0x14(%rbp)
    118d:	8b 7d ec             	mov    -0x14(%rbp),%edi
    1190:	e8 ab ff ff ff       	call   1140 <test>
    1195:	31 c0                	xor    %eax,%eax
    1197:	48 83 c4 20          	add    $0x20,%rsp
    119b:	5d                   	pop    %rbp
    119c:	c3                   	ret

Disassembly of section .fini:

00000000000011a0 <_fini>:
    11a0:	f3 0f 1e fa          	endbr64
    11a4:	48 83 ec 08          	sub    $0x8,%rsp
    11a8:	48 83 c4 08          	add    $0x8,%rsp
    11ac:	c3                   	ret
