This file contains any messages produced by compilers while
running configure, to aid debugging if configure makes a mistake.

It was created by configure, which was
generated by GNU Autoconf 2.59.  Invocation command line was

  $ /home/rickboggin/Thesis/CISB-dataset/env/gcc-4.1.1/zlib/configure --cache-file=./config.cache --build=x86_64-unknown-linux-gnu --host=x86_64-unknown-linux-gnu --target=x86_64-unknown-linux-gnu --prefix=/opt/gcc-4.1.1 --disable-multilib --enable-languages=c,c++,fortran,java,objc --program-transform-name=s,y,y, --srcdir=../../gcc-4.1.1/zlib

## --------- ##
## Platform. ##
## --------- ##

hostname = boggeritefarm
uname -m = x86_64
uname -r = 6.8.0-51-generic
uname -s = Linux
uname -v = #52-Ubuntu SMP PREEMPT_DYNAMIC Thu Dec  5 13:09:44 UTC 2024

/usr/bin/uname -p = x86_64
/bin/uname -X     = unknown

/bin/arch              = x86_64
/usr/bin/arch -k       = unknown
/usr/convex/getsysinfo = unknown
hostinfo               = unknown
/bin/machine           = unknown
/usr/bin/oslevel       = unknown
/bin/universe          = unknown

PATH: /usr/local/sbin
PATH: /usr/local/bin
PATH: /usr/sbin
PATH: /usr/bin
PATH: /sbin
PATH: /bin
PATH: /usr/games
PATH: /usr/local/games
PATH: /snap/bin


## ----------- ##
## Core tests. ##
## ----------- ##

configure:1228: creating cache ./config.cache
configure:1374: checking build system type
configure:1392: result: x86_64-unknown-linux-gnu
configure:1400: checking host system type
configure:1414: result: x86_64-unknown-linux-gnu
configure:1422: checking target system type
configure:1436: result: x86_64-unknown-linux-gnu
configure:1469: checking for a BSD-compatible install
configure:1524: result: /usr/bin/install -c
configure:1535: checking whether build environment is sane
configure:1578: result: yes
configure:1643: checking for gawk
configure:1659: found /usr/bin/gawk
configure:1669: result: gawk
configure:1679: checking whether make sets $(MAKE)
configure:1699: result: yes
configure:1868: checking whether to enable maintainer-specific portions of Makefiles
configure:1877: result: no
configure:1952: checking for x86_64-unknown-linux-gnu-gcc
configure:1978: result: gcc
configure:2260: checking for C compiler version
configure:2263: gcc --version </dev/null >&5
gcc (Ubuntu 13.3.0-6ubuntu2~24.04) 13.3.0
Copyright (C) 2023 Free Software Foundation, Inc.
This is free software; see the source for copying conditions.  There is NO
warranty; not even for MERCHANTABILITY or FITNESS FOR A PARTICULAR PURPOSE.

configure:2266: $? = 0
configure:2268: gcc -v </dev/null >&5
Using built-in specs.
COLLECT_GCC=gcc
COLLECT_LTO_WRAPPER=/usr/libexec/gcc/x86_64-linux-gnu/13/lto-wrapper
OFFLOAD_TARGET_NAMES=nvptx-none:amdgcn-amdhsa
OFFLOAD_TARGET_DEFAULT=1
Target: x86_64-linux-gnu
Configured with: ../src/configure -v --with-pkgversion='Ubuntu 13.3.0-6ubuntu2~24.04' --with-bugurl=file:///usr/share/doc/gcc-13/README.Bugs --enable-languages=c,ada,c++,go,d,fortran,objc,obj-c++,m2 --prefix=/usr --with-gcc-major-version-only --program-suffix=-13 --program-prefix=x86_64-linux-gnu- --enable-shared --enable-linker-build-id --libexecdir=/usr/libexec --without-included-gettext --enable-threads=posix --libdir=/usr/lib --enable-nls --enable-bootstrap --enable-clocale=gnu --enable-libstdcxx-debug --enable-libstdcxx-time=yes --with-default-libstdcxx-abi=new --enable-libstdcxx-backtrace --enable-gnu-unique-object --disable-vtable-verify --enable-plugin --enable-default-pie --with-system-zlib --enable-libphobos-checking=release --with-target-system-zlib=auto --enable-objc-gc=auto --enable-multiarch --disable-werror --enable-cet --with-arch-32=i686 --with-abi=m64 --with-multilib-list=m32,m64,mx32 --enable-multilib --with-tune=generic --enable-offload-targets=nvptx-none=/build/gcc-13-fG75Ri/gcc-13-13.3.0/debian/tmp-nvptx/usr,amdgcn-amdhsa=/build/gcc-13-fG75Ri/gcc-13-13.3.0/debian/tmp-gcn/usr --enable-offload-defaulted --without-cuda-driver --enable-checking=release --build=x86_64-linux-gnu --host=x86_64-linux-gnu --target=x86_64-linux-gnu --with-build-config=bootstrap-lto-lean --enable-link-serialization=2
Thread model: posix
Supported LTO compression algorithms: zlib zstd
gcc version 13.3.0 (Ubuntu 13.3.0-6ubuntu2~24.04) 
configure:2271: $? = 0
configure:2273: gcc -V </dev/null >&5
gcc: error: unrecognized command-line option '-V'
gcc: fatal error: no input files
compilation terminated.
configure:2276: $? = 1
configure:2295: gcc -o conftest -g -O2   conftest.c  >&5
configure:2298: $? = 0
configure:2332: checking for C compiler default output file name
configure:2335: gcc -g -O2   conftest.c  >&5
configure:2338: $? = 0
configure:2384: result: a.out
configure:2389: checking whether the C compiler works
configure:2395: ./a.out
configure:2398: $? = 0
configure:2415: result: yes
configure:2422: checking whether we are cross compiling
configure:2424: result: no
configure:2427: checking for suffix of executables
configure:2429: gcc -o conftest -g -O2   conftest.c  >&5
configure:2432: $? = 0
configure:2457: result: 
configure:2464: checking for suffix of object files
configure:2485: gcc -c -g -O2  conftest.c >&5
configure:2488: $? = 0
configure:2510: result: o
configure:2514: checking whether we are using the GNU C compiler
configure:2538: gcc -c -g -O2  conftest.c >&5
configure:2544: $? = 0
configure:2548: test -z 
			 || test ! -s conftest.err
configure:2551: $? = 0
configure:2554: test -s conftest.o
configure:2557: $? = 0
configure:2570: result: yes
configure:2576: checking whether gcc accepts -g
configure:2597: gcc -c -g  conftest.c >&5
configure:2603: $? = 0
configure:2607: test -z 
			 || test ! -s conftest.err
configure:2610: $? = 0
configure:2613: test -s conftest.o
configure:2616: $? = 0
configure:2627: result: yes
configure:2644: checking for gcc option to accept ANSI C
configure:2714: gcc  -c -g -O2  conftest.c >&5
configure:2720: $? = 0
configure:2724: test -z 
			 || test ! -s conftest.err
configure:2727: $? = 0
configure:2730: test -s conftest.o
configure:2733: $? = 0
configure:2751: result: none needed
configure:2769: gcc -c -g -O2  conftest.c >&5
conftest.c:2:3: error: unknown type name 'choke'
    2 |   choke me
      |   ^~~~~
conftest.c:2:3: error: expected '=', ',', ';', 'asm' or '__attribute__' at end of input
configure:2775: $? = 1
configure: failed program was:
| #ifndef __cplusplus
|   choke me
| #endif
configure:2919: checking for style of include used by make
configure:2947: result: GNU
configure:2975: checking dependency style of gcc
configure:3065: result: gcc3
configure:3163: checking for ld used by GCC
configure:3226: result: ld
configure:3235: checking if the linker (ld) is GNU ld
GNU ld (GNU Binutils for Ubuntu) 2.42
configure:3247: result: yes
configure:3252: checking for ld option to reload object files
configure:3259: result: -r
configure:3264: checking for BSD-compatible nm
configure:3300: result: nm
configure:3303: checking whether ln -s works
configure:3307: result: yes
configure:3314: checking how to recognise dependant libraries
configure:3477: result: pass_all
configure:3489: checking the maximum length of command line arguments
configure:3544: result: none
configure:3691: checking for x86_64-unknown-linux-gnu-ranlib
configure:3717: result: ranlib
configure:3771: checking for x86_64-unknown-linux-gnu-strip
configure:3800: result: no
configure:3809: checking for strip
configure:3825: found /usr/bin/strip
configure:3836: result: strip
configure:3940: gcc -c -g -O2  conftest.c >&5
configure:3943: $? = 0
configure:4144: loading cache ./config.cache
1>&5
ltcf-c.sh:need_lc: gcc -shared conftest.o  -v -Wl,-soname -Wl,conftest -o conftest
 /usr/libexec/gcc/x86_64-linux-gnu/13/collect2 -plugin /usr/libexec/gcc/x86_64-linux-gnu/13/liblto_plugin.so -plugin-opt=/usr/libexec/gcc/x86_64-linux-gnu/13/lto-wrapper -plugin-opt=-fresolution=/tmp/ccmg4xDK.res -plugin-opt=-pass-through=-lgcc -plugin-opt=-pass-through=-lgcc_s -plugin-opt=-pass-through=-lc -plugin-opt=-pass-through=-lgcc -plugin-opt=-pass-through=-lgcc_s --build-id --eh-frame-hdr -m elf_x86_64 --hash-style=gnu --as-needed -shared -z relro -o conftest /usr/lib/gcc/x86_64-linux-gnu/13/../../../x86_64-linux-gnu/crti.o /usr/lib/gcc/x86_64-linux-gnu/13/crtbeginS.o -L/usr/lib/gcc/x86_64-linux-gnu/13 -L/usr/lib/gcc/x86_64-linux-gnu/13/../../../x86_64-linux-gnu -L/usr/lib/gcc/x86_64-linux-gnu/13/../../../../lib -L/lib/x86_64-linux-gnu -L/lib/../lib -L/usr/lib/x86_64-linux-gnu -L/usr/lib/../lib -L/usr/lib/gcc/x86_64-linux-gnu/13/../../.. conftest.o -soname conftest -lgcc --push-state --as-needed -lgcc_s --pop-state -lc -lgcc --push-state --as-needed -lgcc_s --pop-state /usr/lib/gcc/x86_64-linux-gnu/13/crtendS.o /usr/lib/gcc/x86_64-linux-gnu/13/../../../x86_64-linux-gnu/crtn.o
ltconfig:678:checking for gcc option to produce PIC
ltconfig:687:checking that gcc PIC flag -fPIC -DPIC works.
ltconfig:697: gcc -c -g -O2 -fPIC -DPIC -DPIC  conftest.c 1>&5
ltconfig:749: checking if gcc static flag -static works
ltconfig:758: gcc -o conftest -g -O2   -static conftest.c  1>&5
conftest.c:1:1: warning: return type defaults to 'int' [-Wimplicit-int]
    1 | main(){return(0);}
      | ^~~~
ltconfig:780: finding the maximum length of command line arguments
ltconfig:@lineno@: result: 49153
ltconfig:833: checking if gcc supports -c -o file.o
ltconfig:834: gcc -c -g -O2 -o out/conftest2.o  conftest.c 1>&5
ltconfig:887: checking if gcc supports -fno-rtti -fno-exceptions
ltconfig:888: gcc -c -g -O2 -fno-rtti -fno-exceptions -c conftest.c  conftest.c 1>&5
ltconfig:1431: checking if global_symbol_pipe works
ltconfig:1432: gcc -c -g -O2  conftest.c 1>&5
ltconfig:1435: eval "nm conftest.o | sed -n -e 's/^.*[ 	]\([ABCDGISTW][ABCDGISTW]*\)[ 	][ 	]*\(\)\([_A-Za-z][_A-Za-z0-9]*\)$/  /p' > conftest.nm"
ltconfig:1487: gcc -o conftest -g -O2 -fno-builtin   conftest.c conftstm.o 1>&5
configure:4181: checking how to run the C preprocessor
configure:4216: gcc -E  conftest.c
configure:4222: $? = 0
configure:4254: gcc -E  conftest.c
conftest.c:11:10: fatal error: ac_nonexistent.h: No such file or directory
   11 | #include <ac_nonexistent.h>
      |          ^~~~~~~~~~~~~~~~~~
compilation terminated.
configure:4260: $? = 1
configure: failed program was:
| /* confdefs.h.  */
| 
| #define PACKAGE_NAME ""
| #define PACKAGE_TARNAME ""
| #define PACKAGE_VERSION ""
| #define PACKAGE_STRING ""
| #define PACKAGE_BUGREPORT ""
| #define PACKAGE "zlib"
| #define VERSION "1.1.4"
| /* end confdefs.h.  */
| #include <ac_nonexistent.h>
configure:4299: result: gcc -E
configure:4323: gcc -E  conftest.c
configure:4329: $? = 0
configure:4361: gcc -E  conftest.c
conftest.c:11:10: fatal error: ac_nonexistent.h: No such file or directory
   11 | #include <ac_nonexistent.h>
      |          ^~~~~~~~~~~~~~~~~~
compilation terminated.
configure:4367: $? = 1
configure: failed program was:
| /* confdefs.h.  */
| 
| #define PACKAGE_NAME ""
| #define PACKAGE_TARNAME ""
| #define PACKAGE_VERSION ""
| #define PACKAGE_STRING ""
| #define PACKAGE_BUGREPORT ""
| #define PACKAGE "zlib"
| #define VERSION "1.1.4"
| /* end confdefs.h.  */
| #include <ac_nonexistent.h>
configure:4437: checking for egrep
configure:4447: result: grep -E
configure:4452: checking for ANSI C header files
configure:4477: gcc -c -g -O2  conftest.c >&5
configure:4483: $? = 0
configure:4487: test -z 
			 || test ! -s conftest.err
configure:4490: $? = 0
configure:4493: test -s conftest.o
configure:4496: $? = 0
configure:4585: gcc -o conftest -g -O2   conftest.c  >&5
conftest.c: In function 'main':
conftest.c:28:7: warning: implicit declaration of function 'exit' [-Wimplicit-function-declaration]
   28 |       exit(2);
      |       ^~~~
conftest.c:12:1: note: include '<stdlib.h>' or provide a declaration of 'exit'
   11 | #include <ctype.h>
  +++ |+#include <stdlib.h>
   12 | #if ((' ' & 0x0FF) == 0x020)
conftest.c:28:7: warning: incompatible implicit declaration of built-in function 'exit' [-Wbuiltin-declaration-mismatch]
   28 |       exit(2);
      |       ^~~~
conftest.c:28:7: note: include '<stdlib.h>' or provide a declaration of 'exit'
conftest.c:29:3: warning: incompatible implicit declaration of built-in function 'exit' [-Wbuiltin-declaration-mismatch]
   29 |   exit (0);
      |   ^~~~
conftest.c:29:3: note: include '<stdlib.h>' or provide a declaration of 'exit'
configure:4588: $? = 0
configure:4590: ./conftest
configure:4593: $? = 0
configure:4608: result: yes
configure:4632: checking for sys/types.h
configure:4648: gcc -c -g -O2  conftest.c >&5
configure:4654: $? = 0
configure:4658: test -z 
			 || test ! -s conftest.err
configure:4661: $? = 0
configure:4664: test -s conftest.o
configure:4667: $? = 0
configure:4678: result: yes
configure:4632: checking for sys/stat.h
configure:4648: gcc -c -g -O2  conftest.c >&5
configure:4654: $? = 0
configure:4658: test -z 
			 || test ! -s conftest.err
configure:4661: $? = 0
configure:4664: test -s conftest.o
configure:4667: $? = 0
configure:4678: result: yes
configure:4632: checking for stdlib.h
configure:4648: gcc -c -g -O2  conftest.c >&5
configure:4654: $? = 0
configure:4658: test -z 
			 || test ! -s conftest.err
configure:4661: $? = 0
configure:4664: test -s conftest.o
configure:4667: $? = 0
configure:4678: result: yes
configure:4632: checking for string.h
configure:4648: gcc -c -g -O2  conftest.c >&5
configure:4654: $? = 0
configure:4658: test -z 
			 || test ! -s conftest.err
configure:4661: $? = 0
configure:4664: test -s conftest.o
configure:4667: $? = 0
configure:4678: result: yes
configure:4632: checking for memory.h
configure:4648: gcc -c -g -O2  conftest.c >&5
configure:4654: $? = 0
configure:4658: test -z 
			 || test ! -s conftest.err
configure:4661: $? = 0
configure:4664: test -s conftest.o
configure:4667: $? = 0
configure:4678: result: yes
configure:4632: checking for strings.h
configure:4648: gcc -c -g -O2  conftest.c >&5
configure:4654: $? = 0
configure:4658: test -z 
			 || test ! -s conftest.err
configure:4661: $? = 0
configure:4664: test -s conftest.o
configure:4667: $? = 0
configure:4678: result: yes
configure:4632: checking for inttypes.h
configure:4648: gcc -c -g -O2  conftest.c >&5
configure:4654: $? = 0
configure:4658: test -z 
			 || test ! -s conftest.err
configure:4661: $? = 0
configure:4664: test -s conftest.o
configure:4667: $? = 0
configure:4678: result: yes
configure:4632: checking for stdint.h
configure:4648: gcc -c -g -O2  conftest.c >&5
configure:4654: $? = 0
configure:4658: test -z 
			 || test ! -s conftest.err
configure:4661: $? = 0
configure:4664: test -s conftest.o
configure:4667: $? = 0
configure:4678: result: yes
configure:4632: checking for unistd.h
configure:4648: gcc -c -g -O2  conftest.c >&5
configure:4654: $? = 0
configure:4658: test -z 
			 || test ! -s conftest.err
configure:4661: $? = 0
configure:4664: test -s conftest.o
configure:4667: $? = 0
configure:4678: result: yes
configure:4696: checking for stdlib.h
configure:4701: result: yes
configure:4696: checking for unistd.h
configure:4701: result: yes
configure:4845: checking for getpagesize
configure:4907: gcc -o conftest -g -O2   conftest.c  >&5
configure:4913: $? = 0
configure:4917: test -z 
			 || test ! -s conftest.err
configure:4920: $? = 0
configure:4923: test -s conftest
configure:4926: $? = 0
configure:4938: result: yes
configure:4948: checking for working mmap
configure:5090: gcc -o conftest -g -O2   conftest.c  >&5
configure:5093: $? = 0
configure:5095: ./conftest
configure:5098: $? = 0
configure:5112: result: yes
configure:5129: checking for memcpy
configure:5191: gcc -o conftest -g -O2   conftest.c  >&5
conftest.c:49:6: warning: conflicting types for built-in function 'memcpy'; expected 'void *(void *, const void *, long unsigned int)' [-Wbuiltin-declaration-mismatch]
   49 | char memcpy ();
      |      ^~~~~~
conftest.c:36:1: note: 'memcpy' is declared in header '<string.h>'
   35 | # include <limits.h>
   36 | #else
configure:5197: $? = 0
configure:5201: test -z 
			 || test ! -s conftest.err
configure:5204: $? = 0
configure:5207: test -s conftest
configure:5210: $? = 0
configure:5222: result: yes
configure:5129: checking for strerror
configure:5191: gcc -o conftest -g -O2   conftest.c  >&5
configure:5197: $? = 0
configure:5201: test -z 
			 || test ! -s conftest.err
configure:5204: $? = 0
configure:5207: test -s conftest
configure:5210: $? = 0
configure:5222: result: yes
configure:5321: checking for unistd.h
configure:5326: result: yes
configure:5660: creating ./config.status

## ---------------------- ##
## Running config.status. ##
## ---------------------- ##

This file was extended by config.status, which was
generated by GNU Autoconf 2.59.  Invocation command line was

  CONFIG_FILES    = 
  CONFIG_HEADERS  = 
  CONFIG_LINKS    = 
  CONFIG_COMMANDS = 
  $ ./config.status 

on boggeritefarm

config.status:6428: creating Makefile
config.status:6610: executing default-1 commands
config.status:6610: executing depfiles commands

## ---------------- ##
## Cache variables. ##
## ---------------- ##

ac_cv_archive_cmds_needs_lc='no'
ac_cv_build='x86_64-unknown-linux-gnu'
ac_cv_build_alias='x86_64-unknown-linux-gnu'
ac_cv_c_compiler_gnu='yes'
ac_cv_env_CPPFLAGS_set=''
ac_cv_env_CPPFLAGS_value=''
ac_cv_env_CPP_set=''
ac_cv_env_CPP_value=''
ac_cv_env_build_alias_set='set'
ac_cv_env_build_alias_value='x86_64-unknown-linux-gnu'
ac_cv_env_host_alias_set='set'
ac_cv_env_host_alias_value='x86_64-unknown-linux-gnu'
ac_cv_env_target_alias_set='set'
ac_cv_env_target_alias_value='x86_64-unknown-linux-gnu'
ac_cv_exeext=''
ac_cv_func_getpagesize='yes'
ac_cv_func_memcpy='yes'
ac_cv_func_mmap_fixed_mapped='yes'
ac_cv_func_strerror='yes'
ac_cv_header_inttypes_h='yes'
ac_cv_header_memory_h='yes'
ac_cv_header_stdc='yes'
ac_cv_header_stdint_h='yes'
ac_cv_header_stdlib_h='yes'
ac_cv_header_string_h='yes'
ac_cv_header_strings_h='yes'
ac_cv_header_sys_stat_h='yes'
ac_cv_header_sys_types_h='yes'
ac_cv_header_unistd_h='yes'
ac_cv_host='x86_64-unknown-linux-gnu'
ac_cv_host_alias='x86_64-unknown-linux-gnu'
ac_cv_objext='o'
ac_cv_prog_AWK='gawk'
ac_cv_prog_CC='gcc'
ac_cv_prog_CPP='gcc -E'
ac_cv_prog_RANLIB='ranlib'
ac_cv_prog_ac_ct_STRIP='strip'
ac_cv_prog_cc_can_build_shared='yes'
ac_cv_prog_cc_g='yes'
ac_cv_prog_cc_no_builtin=''
ac_cv_prog_cc_pic=' -fPIC -DPIC'
ac_cv_prog_cc_pic_works='yes'
ac_cv_prog_cc_shlib=''
ac_cv_prog_cc_static='-static'
ac_cv_prog_cc_static_works='yes'
ac_cv_prog_cc_stdc=''
ac_cv_prog_cc_wl='-Wl,'
ac_cv_prog_egrep='grep -E'
ac_cv_prog_make_make_set='yes'
ac_cv_target='x86_64-unknown-linux-gnu'
ac_cv_target_alias='x86_64-unknown-linux-gnu'
am_cv_CC_dependencies_compiler_type='gcc3'
lt_cv_compiler_c_o='yes'
lt_cv_deplibs_check_method='pass_all'
lt_cv_file_magic_cmd='$MAGIC_CMD'
lt_cv_file_magic_test_file=''
lt_cv_ld_reload_flag='-r'
lt_cv_path_LD='ld'
lt_cv_path_NM='nm'
lt_cv_prog_gnu_ld='yes'
lt_cv_sys_max_cmd_len='49153'

## ----------------- ##
## Output variables. ##
## ----------------- ##

ACLOCAL='${SHELL} /home/rickboggin/Thesis/CISB-dataset/env/gcc-4.1.1/missing --run aclocal-1.9'
AMDEPBACKSLASH='\'
AMDEP_FALSE='#'
AMDEP_TRUE=''
AMTAR='${SHELL} /home/rickboggin/Thesis/CISB-dataset/env/gcc-4.1.1/missing --run tar'
AUTOCONF='${SHELL} /home/rickboggin/Thesis/CISB-dataset/env/gcc-4.1.1/missing --run autoconf'
AUTOHEADER='${SHELL} /home/rickboggin/Thesis/CISB-dataset/env/gcc-4.1.1/missing --run autoheader'
AUTOMAKE='${SHELL} /home/rickboggin/Thesis/CISB-dataset/env/gcc-4.1.1/missing --run automake-1.9'
AWK='gawk'
CC='gcc'
CCDEPMODE='depmode=gcc3'
CFLAGS='-g -O2'
COMPPATH='.'
CPP='gcc -E'
CPPFLAGS=''
CYGPATH_W='echo'
DEFS='-DPACKAGE_NAME=\"\" -DPACKAGE_TARNAME=\"\" -DPACKAGE_VERSION=\"\" -DPACKAGE_STRING=\"\" -DPACKAGE_BUGREPORT=\"\" -DPACKAGE=\"zlib\" -DVERSION=\"1.1.4\" -DSTDC_HEADERS=1 -DHAVE_SYS_TYPES_H=1 -DHAVE_SYS_STAT_H=1 -DHAVE_STDLIB_H=1 -DHAVE_STRING_H=1 -DHAVE_MEMORY_H=1 -DHAVE_STRINGS_H=1 -DHAVE_INTTYPES_H=1 -DHAVE_STDINT_H=1 -DHAVE_UNISTD_H=1 -DHAVE_STDLIB_H=1 -DHAVE_UNISTD_H=1 -DHAVE_GETPAGESIZE=1 -DHAVE_MMAP=1 -DHAVE_MEMCPY=1 -DHAVE_STRERROR=1 -DHAVE_UNISTD_H=1 '
DEPDIR='.deps'
ECHO_C='ECHO_N=''
ECHO_T=''
EGREP='grep -E'
EXEEXT=''
INSTALL_DATA='/usr/bin/install -c -m 644'
INSTALL_PROGRAM='/usr/bin/install -c'
INSTALL_SCRIPT='/usr/bin/install -c'
INSTALL_STRIP_PROGRAM='${SHELL} $(install_sh) -c -s'
LIBOBJS=''
LIBS=''
LIBTOOL='$(SHELL) $(top_builddir)/libtool'
LN_S='ln -s'
LTLIBOBJS=''
MAINT='#'
MAINTAINER_MODE_FALSE=''
MAINTAINER_MODE_TRUE='#'
MAKEINFO='makeinfo --split-size=5000000'
OBJEXT='o'
PACKAGE='zlib'
PACKAGE_BUGREPORT=''
PACKAGE_NAME=''
PACKAGE_STRING=''
PACKAGE_TARNAME=''
PACKAGE_VERSION=''
PATH_SEPARATOR=':'
RANLIB='ranlib'
SET_MAKE=''
SHELL='/bin/sh'
STRIP='strip'
TARGET_LIBRARY_FALSE=''
TARGET_LIBRARY_TRUE='#'
VERSION='1.1.4'
ac_ct_CC=''
ac_ct_RANLIB=''
ac_ct_STRIP='strip'
am__fastdepCC_FALSE='#'
am__fastdepCC_TRUE=''
am__include='include'
am__leading_dot='.'
am__quote=''
am__tar='${AMTAR} chof - "$$tardir"'
am__untar='${AMTAR} xf -'
bindir='${exec_prefix}/bin'
build='x86_64-unknown-linux-gnu'
build_alias='x86_64-unknown-linux-gnu'
build_cpu='x86_64'
build_os='linux-gnu'
build_vendor='unknown'
datadir='${prefix}/share'
exec_prefix='${prefix}'
host='x86_64-unknown-linux-gnu'
host_alias='x86_64-unknown-linux-gnu'
host_cpu='x86_64'
host_os='linux-gnu'
host_vendor='unknown'
includedir='${prefix}/include'
infodir='${prefix}/info'
install_sh='/home/rickboggin/Thesis/CISB-dataset/env/gcc-4.1.1/install-sh'
libdir='${exec_prefix}/lib'
libexecdir='${exec_prefix}/libexec'
localstatedir='${prefix}/var'
mandir='${prefix}/man'
mkdir_p='mkdir -p --'
mkinstalldirs='/home/rickboggin/Thesis/CISB-dataset/env/gcc-4.1.1/mkinstalldirs'
multi_basedir='../../gcc-4.1.1/zlib/..'
oldincludedir='/usr/include'
prefix='/opt/gcc-4.1.1'
program_transform_name='s,y,y,'
sbindir='${exec_prefix}/sbin'
sharedstatedir='${prefix}/com'
sysconfdir='${prefix}/etc'
target='x86_64-unknown-linux-gnu'
target_alias='x86_64-unknown-linux-gnu'
target_all='libzgcj.la'
target_cpu='x86_64'
target_os='linux-gnu'
target_vendor='unknown'
toolexecdir='$(libdir)/gcc-lib/$(target_alias)'
toolexeclibdir='$(libdir)/../lib'

## ----------- ##
## confdefs.h. ##
## ----------- ##

#define HAVE_GETPAGESIZE 1
#define HAVE_INTTYPES_H 1
#define HAVE_MEMCPY 1
#define HAVE_MEMORY_H 1
#define HAVE_MMAP 1
#define HAVE_STDINT_H 1
#define HAVE_STDLIB_H 1
#define HAVE_STDLIB_H 1
#define HAVE_STRERROR 1
#define HAVE_STRINGS_H 1
#define HAVE_STRING_H 1
#define HAVE_SYS_STAT_H 1
#define HAVE_SYS_TYPES_H 1
#define HAVE_UNISTD_H 1
#define HAVE_UNISTD_H 1
#define HAVE_UNISTD_H 1
#define PACKAGE "zlib"
#define PACKAGE_BUGREPORT ""
#define PACKAGE_NAME ""
#define PACKAGE_STRING ""
#define PACKAGE_TARNAME ""
#define PACKAGE_VERSION ""
#define STDC_HEADERS 1
#define VERSION "1.1.4"

configure: exit 0
